{"name": "test_numbers[-1]", "status": "failed", "statusDetails": {"message": "AssertionError: assert -1 > 0", "trace": "number = -1\n\n    @pytest.mark.parametrize(\"number\", [1, 2, 3, -1])\n    def test_numbers(number: int):\n>       assert number > 0\nE       assert -1 > 0\n\ntests/pytest/test_parametrization.py:7: AssertionError"}, "parameters": [{"name": "number", "value": "-1"}], "start": 1751216056347, "stop": 1751216056347, "uuid": "221186b8-3243-4dc4-9d1a-804cbe712e4b", "historyId": "9625eed962b84a306e0051c198cc15c9", "testCaseId": "0c73a250caad9209caa9d20f405bb4a4", "fullName": "tests.pytest.test_parametrization#test_numbers", "labels": [{"name": "parentSuite", "value": "tests.pytest"}, {"name": "suite", "value": "test_parametrization"}, {"name": "host", "value": "MacBook-Pro-Tochka-2.local"}, {"name": "thread", "value": "79947-MainThread"}, {"name": "framework", "value": "pytest"}, {"name": "language", "value": "cpython3"}, {"name": "package", "value": "tests.pytest.test_parametrization"}]}